<?xml version="1.0" encoding="UTF-8"?>
<testng-results ignored="0" total="1" passed="1" failed="0" skipped="0">
  <reporter-output>
  </reporter-output>
  <suite started-at="2021-11-28T00:29:02 IST" name="Suite" finished-at="2021-11-28T00:29:25 IST" duration-ms="23352">
    <groups>
    </groups>
    <test started-at="2021-11-28T00:29:02 IST" name="Test" finished-at="2021-11-28T00:29:25 IST" duration-ms="23352">
      <class name="testing.LoginTest">
        <test-method signature="Test1()[pri:0, instance:testing.LoginTest@40cb8df7]" started-at="2021-11-28T00:29:02 IST" name="Test1" finished-at="2021-11-28T00:29:25 IST" duration-ms="23249" status="PASS">
          <reporter-output>
          </reporter-output>
        </test-method> <!-- Test1 -->
      </class> <!-- testing.LoginTest -->
    </test> <!-- Test -->
  </suite> <!-- Suite -->
</testng-results>
